0 info it worked if it ends with ok
1 verbose cli [ '/Users/iso/.nvm/v0.10.35/bin/node',
1 verbose cli   '/Users/iso/.nvm/v0.10.35/bin/npm',
1 verbose cli   'install',
1 verbose cli   'gulp-sopleeease',
1 verbose cli   '--save-dev' ]
2 info using npm@1.4.28
3 info using node@v0.10.35
4 warn package.json gulp@0.0.0 No description
5 warn package.json gulp@0.0.0 No repository field.
6 warn package.json gulp@0.0.0 No README data
7 verbose readDependencies using package.json deps
8 verbose cache add [ 'gulp-sopleeease', null ]
9 verbose cache add name=undefined spec="gulp-sopleeease" args=["gulp-sopleeease",null]
10 verbose parsed url { protocol: null,
10 verbose parsed url   slashes: null,
10 verbose parsed url   auth: null,
10 verbose parsed url   host: null,
10 verbose parsed url   port: null,
10 verbose parsed url   hostname: null,
10 verbose parsed url   hash: null,
10 verbose parsed url   search: null,
10 verbose parsed url   query: null,
10 verbose parsed url   pathname: 'gulp-sopleeease',
10 verbose parsed url   path: 'gulp-sopleeease',
10 verbose parsed url   href: 'gulp-sopleeease' }
11 silly lockFile 61d9c334-gulp-sopleeease gulp-sopleeease
12 verbose lock gulp-sopleeease /Users/iso/.npm/61d9c334-gulp-sopleeease.lock
13 silly lockFile 61d9c334-gulp-sopleeease gulp-sopleeease
14 silly lockFile 61d9c334-gulp-sopleeease gulp-sopleeease
15 verbose addNamed [ 'gulp-sopleeease', '' ]
16 verbose addNamed [ null, '*' ]
17 silly lockFile 3126a443-gulp-sopleeease gulp-sopleeease@
18 verbose lock gulp-sopleeease@ /Users/iso/.npm/3126a443-gulp-sopleeease.lock
19 silly addNameRange { name: 'gulp-sopleeease', range: '*', hasData: false }
20 verbose request where is /gulp-sopleeease
21 verbose request registry https://registry.npmjs.org/
22 verbose request id 6d96187b0b1d0036
23 verbose url raw /gulp-sopleeease
24 verbose url resolving [ 'https://registry.npmjs.org/', './gulp-sopleeease' ]
25 verbose url resolved https://registry.npmjs.org/gulp-sopleeease
26 verbose request where is https://registry.npmjs.org/gulp-sopleeease
27 info trying registry request attempt 1 at 13:24:21
28 http GET https://registry.npmjs.org/gulp-sopleeease
29 http 404 https://registry.npmjs.org/gulp-sopleeease
30 verbose headers { date: 'Tue, 10 Feb 2015 04:24:22 GMT',
30 verbose headers   server: 'CouchDB/1.5.0 (Erlang OTP/R16B03)',
30 verbose headers   'content-type': 'application/json',
30 verbose headers   'cache-control': 'max-age=0',
30 verbose headers   'content-length': '52',
30 verbose headers   'accept-ranges': 'bytes',
30 verbose headers   via: '1.1 varnish',
30 verbose headers   age: '0',
30 verbose headers   'x-served-by': 'cache-ty68-TYO',
30 verbose headers   'x-cache': 'MISS',
30 verbose headers   'x-cache-hits': '0',
30 verbose headers   'x-timer': 'S1423542261.301757,VS0,VE742',
30 verbose headers   'keep-alive': 'timeout=10, max=50',
30 verbose headers   connection: 'Keep-Alive' }
31 silly registry.get cb [ 404,
31 silly registry.get   { date: 'Tue, 10 Feb 2015 04:24:22 GMT',
31 silly registry.get     server: 'CouchDB/1.5.0 (Erlang OTP/R16B03)',
31 silly registry.get     'content-type': 'application/json',
31 silly registry.get     'cache-control': 'max-age=0',
31 silly registry.get     'content-length': '52',
31 silly registry.get     'accept-ranges': 'bytes',
31 silly registry.get     via: '1.1 varnish',
31 silly registry.get     age: '0',
31 silly registry.get     'x-served-by': 'cache-ty68-TYO',
31 silly registry.get     'x-cache': 'MISS',
31 silly registry.get     'x-cache-hits': '0',
31 silly registry.get     'x-timer': 'S1423542261.301757,VS0,VE742',
31 silly registry.get     'keep-alive': 'timeout=10, max=50',
31 silly registry.get     connection: 'Keep-Alive' } ]
32 silly lockFile 3126a443-gulp-sopleeease gulp-sopleeease@
33 silly lockFile 3126a443-gulp-sopleeease gulp-sopleeease@
34 error 404 404 Not Found: gulp-sopleeease
34 error 404
34 error 404 'gulp-sopleeease' is not in the npm registry.
34 error 404 You should bug the author to publish it
34 error 404 It was specified as a dependency of 'gulp'
34 error 404
34 error 404 Note that you can also install from a
34 error 404 tarball, folder, or http url, or git url.
35 error System Darwin 13.4.0
36 error command "/Users/iso/.nvm/v0.10.35/bin/node" "/Users/iso/.nvm/v0.10.35/bin/npm" "install" "gulp-sopleeease" "--save-dev"
37 error cwd /Users/iso/docs/frontend
38 error node -v v0.10.35
39 error npm -v 1.4.28
40 error code E404
41 verbose exit [ 1, true ]
